mode: set
github.com/go-squad-5/quiz-master/internal/config/config.go:18.29,26.2 1 0
github.com/go-squad-5/quiz-master/internal/config/config.go:34.27,39.15 3 0
github.com/go-squad-5/quiz-master/internal/config/config.go:39.15,43.3 1 0
github.com/go-squad-5/quiz-master/internal/config/config.go:45.2,49.3 1 0
github.com/go-squad-5/quiz-master/internal/repositories/mysql_quiz_repository.go:16.57,18.16 2 0
github.com/go-squad-5/quiz-master/internal/repositories/mysql_quiz_repository.go:18.16,20.3 1 0
github.com/go-squad-5/quiz-master/internal/repositories/mysql_quiz_repository.go:22.2,22.34 1 0
github.com/go-squad-5/quiz-master/internal/repositories/mysql_quiz_repository.go:22.34,24.3 1 0
github.com/go-squad-5/quiz-master/internal/repositories/mysql_quiz_repository.go:26.2,30.8 2 0
github.com/go-squad-5/quiz-master/internal/repositories/mysql_quiz_repository.go:33.89,35.16 2 0
github.com/go-squad-5/quiz-master/internal/repositories/mysql_quiz_repository.go:35.16,37.3 1 0
github.com/go-squad-5/quiz-master/internal/repositories/mysql_quiz_repository.go:38.2,42.18 3 0
github.com/go-squad-5/quiz-master/internal/repositories/mysql_quiz_repository.go:42.18,46.17 4 0
github.com/go-squad-5/quiz-master/internal/repositories/mysql_quiz_repository.go:46.17,48.4 1 0
github.com/go-squad-5/quiz-master/internal/repositories/mysql_quiz_repository.go:50.3,50.65 1 0
github.com/go-squad-5/quiz-master/internal/repositories/mysql_quiz_repository.go:50.65,52.4 1 0
github.com/go-squad-5/quiz-master/internal/repositories/mysql_quiz_repository.go:54.3,54.25 1 0
github.com/go-squad-5/quiz-master/internal/repositories/mysql_quiz_repository.go:56.2,56.34 1 0
github.com/go-squad-5/quiz-master/internal/repositories/mysql_quiz_repository.go:56.34,58.3 1 0
github.com/go-squad-5/quiz-master/internal/repositories/mysql_quiz_repository.go:60.2,60.18 1 0
github.com/go-squad-5/quiz-master/internal/repositories/mysql_quiz_repository.go:63.85,64.19 1 0
github.com/go-squad-5/quiz-master/internal/repositories/mysql_quiz_repository.go:64.19,66.3 1 0
github.com/go-squad-5/quiz-master/internal/repositories/mysql_quiz_repository.go:68.2,74.25 5 0
github.com/go-squad-5/quiz-master/internal/repositories/mysql_quiz_repository.go:74.25,76.3 1 0
github.com/go-squad-5/quiz-master/internal/repositories/mysql_quiz_repository.go:78.2,79.16 2 0
github.com/go-squad-5/quiz-master/internal/repositories/mysql_quiz_repository.go:79.16,81.3 1 0
github.com/go-squad-5/quiz-master/internal/repositories/mysql_quiz_repository.go:82.2,85.18 3 0
github.com/go-squad-5/quiz-master/internal/repositories/mysql_quiz_repository.go:85.18,87.53 2 0
github.com/go-squad-5/quiz-master/internal/repositories/mysql_quiz_repository.go:87.53,89.4 1 0
github.com/go-squad-5/quiz-master/internal/repositories/mysql_quiz_repository.go:90.3,90.35 1 0
github.com/go-squad-5/quiz-master/internal/repositories/mysql_quiz_repository.go:93.2,93.35 1 0
github.com/go-squad-5/quiz-master/internal/repositories/mysql_quiz_repository.go:93.35,95.3 1 0
github.com/go-squad-5/quiz-master/internal/repositories/mysql_quiz_repository.go:97.2,97.23 1 0
github.com/go-squad-5/quiz-master/internal/repositories/mysql_quiz_repository.go:100.85,101.37 1 0
github.com/go-squad-5/quiz-master/internal/repositories/mysql_quiz_repository.go:101.37,107.17 2 0
github.com/go-squad-5/quiz-master/internal/repositories/mysql_quiz_repository.go:107.17,109.4 1 0
github.com/go-squad-5/quiz-master/internal/repositories/mysql_quiz_repository.go:112.2,112.12 1 0
github.com/go-squad-5/quiz-master/internal/repositories/mysql_quiz_repository.go:115.95,119.16 3 0
github.com/go-squad-5/quiz-master/internal/repositories/mysql_quiz_repository.go:119.16,121.3 1 0
github.com/go-squad-5/quiz-master/internal/repositories/mysql_quiz_repository.go:122.2,122.12 1 0
github.com/go-squad-5/quiz-master/internal/handlers/handler.go:23.55,27.2 1 0
github.com/go-squad-5/quiz-master/internal/handlers/handler.go:29.67,30.33 1 0
github.com/go-squad-5/quiz-master/internal/handlers/handler.go:30.33,34.3 2 0
github.com/go-squad-5/quiz-master/internal/handlers/handler.go:36.2,39.16 3 0
github.com/go-squad-5/quiz-master/internal/handlers/handler.go:39.16,41.3 1 0
github.com/go-squad-5/quiz-master/internal/handlers/handler.go:43.2,44.16 2 0
github.com/go-squad-5/quiz-master/internal/handlers/handler.go:44.16,48.3 2 0
github.com/go-squad-5/quiz-master/internal/handlers/handler.go:50.2,53.16 3 0
github.com/go-squad-5/quiz-master/internal/handlers/handler.go:53.16,56.3 1 0
github.com/go-squad-5/quiz-master/internal/handlers/handler.go:58.2,59.31 2 0
github.com/go-squad-5/quiz-master/internal/handlers/handler.go:59.31,62.3 1 0
github.com/go-squad-5/quiz-master/internal/handlers/handler.go:63.2,65.11 3 0
github.com/go-squad-5/quiz-master/internal/handlers/handler.go:65.11,67.3 1 0
github.com/go-squad-5/quiz-master/internal/handlers/handler.go:68.2,70.54 2 0
github.com/go-squad-5/quiz-master/internal/handlers/handler.go:70.54,72.3 1 0
github.com/go-squad-5/quiz-master/internal/handlers/handler.go:74.2,80.64 3 0
github.com/go-squad-5/quiz-master/internal/handlers/handler.go:80.64,82.3 1 0
github.com/go-squad-5/quiz-master/internal/handlers/handler.go:85.69,86.33 1 0
github.com/go-squad-5/quiz-master/internal/handlers/handler.go:86.33,89.3 2 0
github.com/go-squad-5/quiz-master/internal/handlers/handler.go:91.2,95.16 4 0
github.com/go-squad-5/quiz-master/internal/handlers/handler.go:95.16,99.3 2 0
github.com/go-squad-5/quiz-master/internal/handlers/handler.go:101.2,103.37 2 0
github.com/go-squad-5/quiz-master/internal/handlers/handler.go:103.37,105.3 1 0
github.com/go-squad-5/quiz-master/internal/handlers/handler.go:107.2,108.16 2 0
github.com/go-squad-5/quiz-master/internal/handlers/handler.go:108.16,112.3 2 0
github.com/go-squad-5/quiz-master/internal/handlers/handler.go:114.2,114.37 1 0
github.com/go-squad-5/quiz-master/internal/handlers/handler.go:114.37,115.43 1 0
github.com/go-squad-5/quiz-master/internal/handlers/handler.go:115.43,116.37 1 0
github.com/go-squad-5/quiz-master/internal/handlers/handler.go:116.37,124.7 2 0
github.com/go-squad-5/quiz-master/internal/handlers/handler.go:124.7,126.6 1 0
github.com/go-squad-5/quiz-master/internal/handlers/handler.go:127.5,128.19 2 0
github.com/go-squad-5/quiz-master/internal/handlers/handler.go:128.19,132.6 2 0
github.com/go-squad-5/quiz-master/internal/handlers/handler.go:133.5,133.46 1 0
github.com/go-squad-5/quiz-master/internal/handlers/handler.go:133.46,135.11 2 0
github.com/go-squad-5/quiz-master/internal/handlers/handler.go:141.2,146.4 3 0
github.com/go-squad-5/quiz-master/internal/router/router.go:16.50,20.2 1 1
github.com/go-squad-5/quiz-master/internal/router/router.go:22.70,25.14 2 1
github.com/go-squad-5/quiz-master/internal/router/router.go:26.21,27.29 1 1
github.com/go-squad-5/quiz-master/internal/router/router.go:28.21,29.31 1 1
github.com/go-squad-5/quiz-master/internal/router/router.go:30.10,31.24 1 1
github.com/go-squad-5/quiz-master/internal/app/app.go:19.31,21.16 2 1
github.com/go-squad-5/quiz-master/internal/app/app.go:21.16,23.3 1 0
github.com/go-squad-5/quiz-master/internal/app/app.go:24.2,26.6 2 1
github.com/go-squad-5/quiz-master/internal/app/app.go:26.6,28.17 2 1
github.com/go-squad-5/quiz-master/internal/app/app.go:28.17,30.12 2 0
github.com/go-squad-5/quiz-master/internal/app/app.go:33.3,33.26 1 1
github.com/go-squad-5/quiz-master/internal/app/app.go:40.17,42.29 2 1
github.com/go-squad-5/quiz-master/internal/app/app.go:42.29,45.3 1 1
github.com/go-squad-5/quiz-master/internal/app/app.go:46.2,46.20 1 1
github.com/go-squad-5/quiz-master/internal/app/connection_handler.go:15.65,17.32 2 1
github.com/go-squad-5/quiz-master/internal/app/connection_handler.go:17.32,22.17 3 1
github.com/go-squad-5/quiz-master/internal/app/connection_handler.go:22.17,26.4 3 0
github.com/go-squad-5/quiz-master/internal/app/connection_handler.go:27.3,33.15 7 1
github.com/go-squad-5/quiz-master/internal/app/connection_handler.go:44.31,56.2 1 1
github.com/go-squad-5/quiz-master/internal/app/connection_handler.go:58.36,60.2 1 0
github.com/go-squad-5/quiz-master/internal/app/connection_handler.go:62.43,63.20 1 1
github.com/go-squad-5/quiz-master/internal/app/connection_handler.go:63.20,65.3 1 0
github.com/go-squad-5/quiz-master/internal/app/connection_handler.go:66.2,67.23 2 1
github.com/go-squad-5/quiz-master/internal/app/connection_handler.go:70.47,71.21 1 1
github.com/go-squad-5/quiz-master/internal/app/connection_handler.go:71.21,73.3 1 1
github.com/go-squad-5/quiz-master/internal/app/connection_handler.go:74.2,74.28 1 1
github.com/go-squad-5/quiz-master/internal/app/connection_handler.go:77.29,81.2 3 1
